<?xml version="1.0" encoding="UTF-8"?>
<testsuite xmlns:xsi="http://www.w3.org/2001/XMLSchema-instance" xsi:noNamespaceSchemaLocation="https://maven.apache.org/surefire/maven-surefire-plugin/xsd/surefire-test-report-3.0.xsd" version="3.0" name="com.example.api.StsMavenApiApplicationTests" time="0.984" tests="1" errors="0" skipped="0" failures="0">
  <properties>
[...]
</properties>
  <testcase name="contextLoads" classname="com.example.api.StsMavenApiApplicationTests" time="0.0">
    <system-out><![CDATA[2026-09-12T21:54:20.064-06:00  INFO 20424 --- [sts-maven-api] [           main] t.c.s.AnnotationConfigContextLoaderUtils : Could not detect default configuration classes for test class [com.example.api.StsMavenApiApplicationTests]: StsMavenApiApplicationTests does not declare any static, non-private, non-final, nested classes annotated with @Configuration.
2026-09-12T21:54:20.072-06:00  INFO 20424 --- [sts-maven-api] [           main] .b.t.c.SpringBootTestContextBootstrapper : Found @SpringBootConfiguration com.example.api.StsMavenApiApplication for test class com.example.api.StsMavenApiApplicationTests

  .   ____          _            __ _ _
 /\\ / ___'_ __ _ _(_)_ __  __ _ \ \ \ \
( ( )\___ | '_ | '_| | '_ \/ _` | \ \ \ \
 \\/  ___)| |_)| | | | | || (_| |  ) ) ) )
  '  |____| .__|_| |_|_| |_\__, | / / / /
 =========|_|==============|___/=/_/_/_/

 :: Spring Boot ::                (v3.3.4)

2026-09-12T21:54:20.107-06:00  INFO 20424 --- [sts-maven-api] [           main] c.e.api.StsMavenApiApplicationTests      : Starting StsMavenApiApplicationTests using Java 17.0.12 with PID 20424 (started by Administrador in C:\ATT\falcon-front\sts-maven-api)
2026-09-12T21:54:20.107-06:00  INFO 20424 --- [sts-maven-api] [           main] c.e.api.StsMavenApiApplicationTests      : No active profile set, falling back to 1 default profile: "default"
2026-09-12T21:54:20.314-06:00  INFO 20424 --- [sts-maven-api] [           main] .s.d.r.c.RepositoryConfigurationDelegate : Bootstrapping Spring Data MongoDB repositories in DEFAULT mode.
2026-09-12T21:54:20.324-06:00  INFO 20424 --- [sts-maven-api] [           main] .s.d.r.c.RepositoryConfigurationDelegate : Finished Spring Data repository scanning in 6 ms. Found 0 MongoDB repository interfaces.
2026-09-12T21:54:20.791-06:00  INFO 20424 --- [sts-maven-api] [ibd.mongodb.net] org.mongodb.driver.cluster               : Adding discovered server ac-69dzoiy-shard-00-00.dhpzibd.mongodb.net:27017 to client view of cluster
2026-09-12T21:54:20.814-06:00  INFO 20424 --- [sts-maven-api] [           main] org.mongodb.driver.client                : MongoClient with metadata {"application": {"name": "Cluster0"}, "driver": {"name": "mongo-java-driver|sync|spring-boot", "version": "5.0.1"}, "os": {"type": "Windows", "name": "Windows 11", "architecture": "amd64", "version": "10.0"}, "platform": "Java/Oracle Corporation/17.0.12+8-LTS-286"} created with settings MongoClientSettings{readPreference=primary, writeConcern=WriteConcern{w=null, wTimeout=null ms, journal=null}, retryWrites=true, retryReads=true, readConcern=ReadConcern{level=null}, credential=MongoCredential{mechanism=null, userName='jmuribemx_db_user', source='admin', password=<hidden>, mechanismProperties=<hidden>}, transportSettings=null, commandListeners=[], codecRegistry=ProvidersCodecRegistry{codecProviders=[ValueCodecProvider{}, BsonValueCodecProvider{}, DBRefCodecProvider{}, DBObjectCodecProvider{}, DocumentCodecProvider{}, CollectionCodecProvider{}, IterableCodecProvider{}, MapCodecProvider{}, GeoJsonCodecProvider{}, GridFSFileCodecProvider{}, Jsr310CodecProvider{}, JsonObjectCodecProvider{}, BsonCodecProvider{}, EnumCodecProvider{}, com.mongodb.client.model.mql.ExpressionCodecProvider@3791af, com.mongodb.Jep395RecordCodecProvider@66fff42f, com.mongodb.KotlinCodecProvider@308be1a3]}, loggerSettings=LoggerSettings{maxDocumentLength=1000}, clusterSettings={hosts=[127.0.0.1:27017], srvHost=cluster0.dhpzibd.mongodb.net, srvServiceName=mongodb, mode=MULTIPLE, requiredClusterType=REPLICA_SET, requiredReplicaSetName='atlas-5v8j8c-shard-0', serverSelector='null', clusterListeners='[]', serverSelectionTimeout='30000 ms', localThreshold='15 ms'}, socketSettings=SocketSettings{connectTimeoutMS=10000, readTimeoutMS=0, receiveBufferSize=0, proxySettings=ProxySettings{host=null, port=null, username=null, password=null}}, heartbeatSocketSettings=SocketSettings{connectTimeoutMS=10000, readTimeoutMS=10000, receiveBufferSize=0, proxySettings=ProxySettings{host=null, port=null, username=null, password=null}}, connectionPoolSettings=ConnectionPoolSettings{maxSize=100, minSize=0, maxWaitTimeMS=120000, maxConnectionLifeTimeMS=0, maxConnectionIdleTimeMS=0, maintenanceInitialDelayMS=0, maintenanceFrequencyMS=60000, connectionPoolListeners=[], maxConnecting=2}, serverSettings=ServerSettings{heartbeatFrequencyMS=10000, minHeartbeatFrequencyMS=500, serverListeners='[]', serverMonitorListeners='[]'}, sslSettings=SslSettings{enabled=true, invalidHostNameAllowed=false, context=null}, applicationName='Cluster0', compressorList=[], uuidRepresentation=JAVA_LEGACY, serverApi=null, autoEncryptionSettings=null, dnsClient=null, inetAddressResolver=null, contextProvider=null}
2026-09-12T21:54:20.822-06:00  INFO 20424 --- [sts-maven-api] [ibd.mongodb.net] org.mongodb.driver.cluster               : Adding discovered server ac-69dzoiy-shard-00-01.dhpzibd.mongodb.net:27017 to client view of cluster
2026-09-12T21:54:20.827-06:00  INFO 20424 --- [sts-maven-api] [ibd.mongodb.net] org.mongodb.driver.cluster               : Adding discovered server ac-69dzoiy-shard-00-02.dhpzibd.mongodb.net:27017 to client view of cluster
2026-09-12T21:54:21.033-06:00  INFO 20424 --- [sts-maven-api] [           main] c.e.api.StsMavenApiApplicationTests      : Started StsMavenApiApplicationTests in 0.954 seconds (process running for 4.452)
]]></system-out>
  </testcase>
</testsuite>