<?xml version="1.0" encoding="UTF-8"?>
<testsuite xmlns:xsi="http://www.w3.org/2001/XMLSchema-instance" xsi:noNamespaceSchemaLocation="https://maven.apache.org/surefire/maven-surefire-plugin/xsd/surefire-test-report-3.0.xsd" version="3.0" name="com.example.api.StsMavenApiApplicationTests" time="3.609" tests="1" errors="0" skipped="0" failures="0">
  <properties>
[...]
</properties>
  <testcase name="contextLoads" classname="com.example.api.StsMavenApiApplicationTests" time="1.23">
    <system-out><![CDATA[17:57:10.960 [main] INFO org.springframework.test.context.support.AnnotationConfigContextLoaderUtils -- Could not detect default configuration classes for test class [com.example.api.StsMavenApiApplicationTests]: StsMavenApiApplicationTests does not declare any static, non-private, non-final, nested classes annotated with @Configuration.
17:57:11.084 [main] INFO org.springframework.boot.test.context.SpringBootTestContextBootstrapper -- Found @SpringBootConfiguration com.example.api.StsMavenApiApplication for test class com.example.api.StsMavenApiApplicationTests

  .   ____          _            __ _ _
 /\\ / ___'_ __ _ _(_)_ __  __ _ \ \ \ \
( ( )\___ | '_ | '_| | '_ \/ _` | \ \ \ \
 \\/  ___)| |_)| | | | | || (_| |  ) ) ) )
  '  |____| .__|_| |_|_| |_\__, | / / / /
 =========|_|==============|___/=/_/_/_/

 :: Spring Boot ::                (v3.3.4)

2026-09-12T17:57:11.621-06:00  INFO 7060 --- [sts-maven-api] [           main] c.e.api.StsMavenApiApplicationTests      : Starting StsMavenApiApplicationTests using Java 17.0.7 with PID 7060 (started by jmuri in C:\coppel\sts-maven-api)
2026-09-12T17:57:11.622-06:00  INFO 7060 --- [sts-maven-api] [           main] c.e.api.StsMavenApiApplicationTests      : No active profile set, falling back to 1 default profile: "default"
2026-09-12T17:57:13.068-06:00  INFO 7060 --- [sts-maven-api] [           main] c.e.api.StsMavenApiApplicationTests      : Started StsMavenApiApplicationTests in 1.795 seconds (process running for 3.426)
]]></system-out>
  </testcase>
</testsuite>